[debug] [2021-09-08T15:32:04.219Z] ----------------------------------------------------------------------
[debug] [2021-09-08T15:32:04.221Z] Command:       C:\Program Files\nodejs\node.exe C:\Users\sayan\AppData\Roaming\npm\node_modules\firebase-tools\lib\bin\firebase.js init
[debug] [2021-09-08T15:32:04.222Z] CLI Version:   9.17.0
[debug] [2021-09-08T15:32:04.222Z] Platform:      win32
[debug] [2021-09-08T15:32:04.222Z] Node Version:  v14.17.4
[debug] [2021-09-08T15:32:04.223Z] Time:          Wed Sep 08 2021 21:02:04 GMT+0530 (India Standard Time)
[debug] [2021-09-08T15:32:04.223Z] ----------------------------------------------------------------------
[debug] 
[debug] [2021-09-08T15:32:04.230Z] > command requires scopes: ["email","openid","https://www.googleapis.com/auth/cloudplatformprojects.readonly","https://www.googleapis.com/auth/firebase","https://www.googleapis.com/auth/cloud-platform"]
[debug] [2021-09-08T15:32:04.230Z] > authorizing via signed-in user (sayand031999@gmail.com)
[info] 
     ######## #### ########  ######## ########     ###     ######  ########
     ##        ##  ##     ## ##       ##     ##  ##   ##  ##       ##
     ######    ##  ########  ######   ########  #########  ######  ######
     ##        ##  ##    ##  ##       ##     ## ##     ##       ## ##
     ##       #### ##     ## ######## ########  ##     ##  ######  ########

You're about to initialize a Firebase project in this directory:

  C:\Users\sayan\Desktop\dev\Kovi-Bot\kovi-frontend

[info] 
=== Project Setup
[info] 
[info] First, let's associate this project directory with a Firebase project.
[info] You can create multiple project aliases by running firebase use --add, 
[info] but for now we'll just set up a default project.
[info] 
[debug] [2021-09-08T15:32:32.429Z] >>> [apiv2][query] GET https://firebase.googleapis.com/v1beta1/projects pageSize=100
[debug] [2021-09-08T15:32:33.295Z] <<< [apiv2][status] GET https://firebase.googleapis.com/v1beta1/projects 200
[debug] [2021-09-08T15:32:33.295Z] <<< [apiv2][body] GET https://firebase.googleapis.com/v1beta1/projects [omitted]
[info] i  Using project kovi-2b0b0 (Kovi) 
[info] 
=== Hosting Setup
[info] 
[info] Your public directory is the folder (relative to your project directory) that
[info] will contain Hosting assets to be uploaded with firebase deploy. If you
[info] have a build process for your assets, use your build's output directory.
[info] 
